<?xml version="1.0" encoding="UTF-8"?>
<testsuite xmlns:xsi="http://www.w3.org/2001/XMLSchema-instance" xsi:noNamespaceSchemaLocation="https://maven.apache.org/surefire/maven-surefire-plugin/xsd/surefire-test-report.xsd" name="org.steveww.spark.LocationTests" time="0.122" tests="4" errors="0" skipped="0" failures="0">
  <properties>
[...]
</properties>
  <testcase name="getDistance" classname="org.steveww.spark.LocationTests" time="0.026"/>
  <testcase name="getDistance{double, double, double, double, double}[1]" classname="org.steveww.spark.LocationTests" time="0.026"/>
  <testcase name="getDistance{double, double, double, double, double}[2]" classname="org.steveww.spark.LocationTests" time="0.002"/>
  <testcase name="getDistance{double, double, double, double, double}[3]" classname="org.steveww.spark.LocationTests" time="0.001"/>
</testsuite>